[2022-12-07 12:21:19] local.INFO: [AuthController][login] - User damareshwarakumar@gmail.com logged in  
[2022-12-07 13:43:36] local.INFO: [AuthController][login] - User damareshwarakumar@gmail.com logged in  
[2022-12-07 13:43:48] local.ERROR: SQLSTATE[23000]: Integrity constraint violation: 1062 Duplicate entry '2d879bec-7635-11ed-9318-f80dac7fa2d9-340e39d6-6e43-11ed-85d7-f80' for key 'order_dishes.PRIMARY' (SQL: insert into `order_dishes` (`order_id`, `dish_id`, `quantity`, `dish_price`) values (2d879bec-7635-11ed-9318-f80dac7fa2d9, 340e39d6-6e43-11ed-85d7-f80dac7fa2d9, 0, 199)) {"exception":"[object] (Illuminate\\Database\\QueryException(code: 23000): SQLSTATE[23000]: Integrity constraint violation: 1062 Duplicate entry '2d879bec-7635-11ed-9318-f80dac7fa2d9-340e39d6-6e43-11ed-85d7-f80' for key 'order_dishes.PRIMARY' (SQL: insert into `order_dishes` (`order_id`, `dish_id`, `quantity`, `dish_price`) values (2d879bec-7635-11ed-9318-f80dac7fa2d9, 340e39d6-6e43-11ed-85d7-f80dac7fa2d9, 0, 199)) at /home/damareshwarakumar/Desktop/fds/vendor/illuminate/database/Connection.php:760)
[stacktrace]
#0 /home/damareshwarakumar/Desktop/fds/vendor/illuminate/database/Connection.php(720): Illuminate\\Database\\Connection->runQueryCallback()
#1 /home/damareshwarakumar/Desktop/fds/vendor/illuminate/database/Connection.php(546): Illuminate\\Database\\Connection->run()
#2 /home/damareshwarakumar/Desktop/fds/vendor/illuminate/database/Connection.php(498): Illuminate\\Database\\Connection->statement()
#3 /home/damareshwarakumar/Desktop/fds/vendor/illuminate/database/Query/Builder.php(3218): Illuminate\\Database\\Connection->insert()
#4 /home/damareshwarakumar/Desktop/fds/app/Services/OrderService.php(61): Illuminate\\Database\\Query\\Builder->insert()
#5 /home/damareshwarakumar/Desktop/fds/app/Services/BasketService.php(244): App\\Services\\OrderService->createOrderDish()
#6 /home/damareshwarakumar/Desktop/fds/app/Http/Controllers/BasketController.php(68): App\\Services\\BasketService->checkoutBasket()
#7 /home/damareshwarakumar/Desktop/fds/vendor/illuminate/container/BoundMethod.php(36): App\\Http\\Controllers\\BasketController->checkout()
#8 /home/damareshwarakumar/Desktop/fds/vendor/illuminate/container/Util.php(41): Illuminate\\Container\\BoundMethod::Illuminate\\Container\\{closure}()
#9 /home/damareshwarakumar/Desktop/fds/vendor/illuminate/container/BoundMethod.php(93): Illuminate\\Container\\Util::unwrapIfClosure()
#10 /home/damareshwarakumar/Desktop/fds/vendor/illuminate/container/BoundMethod.php(37): Illuminate\\Container\\BoundMethod::callBoundMethod()
#11 /home/damareshwarakumar/Desktop/fds/vendor/illuminate/container/Container.php(651): Illuminate\\Container\\BoundMethod::call()
#12 /home/damareshwarakumar/Desktop/fds/vendor/laravel/lumen-framework/src/Concerns/RoutesRequests.php(391): Illuminate\\Container\\Container->call()
#13 /home/damareshwarakumar/Desktop/fds/vendor/laravel/lumen-framework/src/Concerns/RoutesRequests.php(357): Laravel\\Lumen\\Application->callControllerCallable()
#14 /home/damareshwarakumar/Desktop/fds/vendor/laravel/lumen-framework/src/Concerns/RoutesRequests.php(331): Laravel\\Lumen\\Application->callLumenController()
#15 /home/damareshwarakumar/Desktop/fds/vendor/laravel/lumen-framework/src/Concerns/RoutesRequests.php(284): Laravel\\Lumen\\Application->callControllerAction()
#16 /home/damareshwarakumar/Desktop/fds/vendor/laravel/lumen-framework/src/Concerns/RoutesRequests.php(264): Laravel\\Lumen\\Application->callActionOnArrayBasedRoute()
#17 /home/damareshwarakumar/Desktop/fds/vendor/laravel/lumen-framework/src/Routing/Pipeline.php(48): Laravel\\Lumen\\Application->Laravel\\Lumen\\Concerns\\{closure}()
#18 /home/damareshwarakumar/Desktop/fds/app/Http/Middleware/Authenticate.php(42): Laravel\\Lumen\\Routing\\Pipeline->Laravel\\Lumen\\Routing\\{closure}()
#19 /home/damareshwarakumar/Desktop/fds/vendor/illuminate/pipeline/Pipeline.php(180): App\\Http\\Middleware\\Authenticate->handle()
#20 /home/damareshwarakumar/Desktop/fds/vendor/laravel/lumen-framework/src/Routing/Pipeline.php(30): Illuminate\\Pipeline\\Pipeline->Illuminate\\Pipeline\\{closure}()
#21 /home/damareshwarakumar/Desktop/fds/vendor/illuminate/pipeline/Pipeline.php(116): Laravel\\Lumen\\Routing\\Pipeline->Laravel\\Lumen\\Routing\\{closure}()
#22 /home/damareshwarakumar/Desktop/fds/vendor/laravel/lumen-framework/src/Concerns/RoutesRequests.php(428): Illuminate\\Pipeline\\Pipeline->then()
#23 /home/damareshwarakumar/Desktop/fds/vendor/laravel/lumen-framework/src/Concerns/RoutesRequests.php(265): Laravel\\Lumen\\Application->sendThroughPipeline()
#24 /home/damareshwarakumar/Desktop/fds/vendor/laravel/lumen-framework/src/Concerns/RoutesRequests.php(239): Laravel\\Lumen\\Application->handleFoundRoute()
#25 /home/damareshwarakumar/Desktop/fds/vendor/laravel/lumen-framework/src/Concerns/RoutesRequests.php(175): Laravel\\Lumen\\Application->handleDispatcherResponse()
#26 /home/damareshwarakumar/Desktop/fds/vendor/laravel/lumen-framework/src/Routing/Pipeline.php(48): Laravel\\Lumen\\Application->Laravel\\Lumen\\Concerns\\{closure}()
#27 /home/damareshwarakumar/Desktop/fds/app/Http/Middleware/CorsMiddleware.php(24): Laravel\\Lumen\\Routing\\Pipeline->Laravel\\Lumen\\Routing\\{closure}()
#28 /home/damareshwarakumar/Desktop/fds/vendor/illuminate/pipeline/Pipeline.php(180): App\\Http\\Middleware\\CorsMiddleware->handle()
#29 /home/damareshwarakumar/Desktop/fds/vendor/laravel/lumen-framework/src/Routing/Pipeline.php(30): Illuminate\\Pipeline\\Pipeline->Illuminate\\Pipeline\\{closure}()
#30 /home/damareshwarakumar/Desktop/fds/vendor/illuminate/pipeline/Pipeline.php(116): Laravel\\Lumen\\Routing\\Pipeline->Laravel\\Lumen\\Routing\\{closure}()
#31 /home/damareshwarakumar/Desktop/fds/vendor/laravel/lumen-framework/src/Concerns/RoutesRequests.php(428): Illuminate\\Pipeline\\Pipeline->then()
#32 /home/damareshwarakumar/Desktop/fds/vendor/laravel/lumen-framework/src/Concerns/RoutesRequests.php(177): Laravel\\Lumen\\Application->sendThroughPipeline()
#33 /home/damareshwarakumar/Desktop/fds/vendor/laravel/lumen-framework/src/Concerns/RoutesRequests.php(112): Laravel\\Lumen\\Application->dispatch()
#34 /home/damareshwarakumar/Desktop/fds/public/index.php(28): Laravel\\Lumen\\Application->run()
#35 {main}

[previous exception] [object] (PDOException(code: 23000): SQLSTATE[23000]: Integrity constraint violation: 1062 Duplicate entry '2d879bec-7635-11ed-9318-f80dac7fa2d9-340e39d6-6e43-11ed-85d7-f80' for key 'order_dishes.PRIMARY' at /home/damareshwarakumar/Desktop/fds/vendor/illuminate/database/Connection.php:545)
[stacktrace]
#0 /home/damareshwarakumar/Desktop/fds/vendor/illuminate/database/Connection.php(545): PDOStatement->execute()
#1 /home/damareshwarakumar/Desktop/fds/vendor/illuminate/database/Connection.php(753): Illuminate\\Database\\Connection->Illuminate\\Database\\{closure}()
#2 /home/damareshwarakumar/Desktop/fds/vendor/illuminate/database/Connection.php(720): Illuminate\\Database\\Connection->runQueryCallback()
#3 /home/damareshwarakumar/Desktop/fds/vendor/illuminate/database/Connection.php(546): Illuminate\\Database\\Connection->run()
#4 /home/damareshwarakumar/Desktop/fds/vendor/illuminate/database/Connection.php(498): Illuminate\\Database\\Connection->statement()
#5 /home/damareshwarakumar/Desktop/fds/vendor/illuminate/database/Query/Builder.php(3218): Illuminate\\Database\\Connection->insert()
#6 /home/damareshwarakumar/Desktop/fds/app/Services/OrderService.php(61): Illuminate\\Database\\Query\\Builder->insert()
#7 /home/damareshwarakumar/Desktop/fds/app/Services/BasketService.php(244): App\\Services\\OrderService->createOrderDish()
#8 /home/damareshwarakumar/Desktop/fds/app/Http/Controllers/BasketController.php(68): App\\Services\\BasketService->checkoutBasket()
#9 /home/damareshwarakumar/Desktop/fds/vendor/illuminate/container/BoundMethod.php(36): App\\Http\\Controllers\\BasketController->checkout()
#10 /home/damareshwarakumar/Desktop/fds/vendor/illuminate/container/Util.php(41): Illuminate\\Container\\BoundMethod::Illuminate\\Container\\{closure}()
#11 /home/damareshwarakumar/Desktop/fds/vendor/illuminate/container/BoundMethod.php(93): Illuminate\\Container\\Util::unwrapIfClosure()
#12 /home/damareshwarakumar/Desktop/fds/vendor/illuminate/container/BoundMethod.php(37): Illuminate\\Container\\BoundMethod::callBoundMethod()
#13 /home/damareshwarakumar/Desktop/fds/vendor/illuminate/container/Container.php(651): Illuminate\\Container\\BoundMethod::call()
#14 /home/damareshwarakumar/Desktop/fds/vendor/laravel/lumen-framework/src/Concerns/RoutesRequests.php(391): Illuminate\\Container\\Container->call()
#15 /home/damareshwarakumar/Desktop/fds/vendor/laravel/lumen-framework/src/Concerns/RoutesRequests.php(357): Laravel\\Lumen\\Application->callControllerCallable()
#16 /home/damareshwarakumar/Desktop/fds/vendor/laravel/lumen-framework/src/Concerns/RoutesRequests.php(331): Laravel\\Lumen\\Application->callLumenController()
#17 /home/damareshwarakumar/Desktop/fds/vendor/laravel/lumen-framework/src/Concerns/RoutesRequests.php(284): Laravel\\Lumen\\Application->callControllerAction()
#18 /home/damareshwarakumar/Desktop/fds/vendor/laravel/lumen-framework/src/Concerns/RoutesRequests.php(264): Laravel\\Lumen\\Application->callActionOnArrayBasedRoute()
#19 /home/damareshwarakumar/Desktop/fds/vendor/laravel/lumen-framework/src/Routing/Pipeline.php(48): Laravel\\Lumen\\Application->Laravel\\Lumen\\Concerns\\{closure}()
#20 /home/damareshwarakumar/Desktop/fds/app/Http/Middleware/Authenticate.php(42): Laravel\\Lumen\\Routing\\Pipeline->Laravel\\Lumen\\Routing\\{closure}()
#21 /home/damareshwarakumar/Desktop/fds/vendor/illuminate/pipeline/Pipeline.php(180): App\\Http\\Middleware\\Authenticate->handle()
#22 /home/damareshwarakumar/Desktop/fds/vendor/laravel/lumen-framework/src/Routing/Pipeline.php(30): Illuminate\\Pipeline\\Pipeline->Illuminate\\Pipeline\\{closure}()
#23 /home/damareshwarakumar/Desktop/fds/vendor/illuminate/pipeline/Pipeline.php(116): Laravel\\Lumen\\Routing\\Pipeline->Laravel\\Lumen\\Routing\\{closure}()
#24 /home/damareshwarakumar/Desktop/fds/vendor/laravel/lumen-framework/src/Concerns/RoutesRequests.php(428): Illuminate\\Pipeline\\Pipeline->then()
#25 /home/damareshwarakumar/Desktop/fds/vendor/laravel/lumen-framework/src/Concerns/RoutesRequests.php(265): Laravel\\Lumen\\Application->sendThroughPipeline()
#26 /home/damareshwarakumar/Desktop/fds/vendor/laravel/lumen-framework/src/Concerns/RoutesRequests.php(239): Laravel\\Lumen\\Application->handleFoundRoute()
#27 /home/damareshwarakumar/Desktop/fds/vendor/laravel/lumen-framework/src/Concerns/RoutesRequests.php(175): Laravel\\Lumen\\Application->handleDispatcherResponse()
#28 /home/damareshwarakumar/Desktop/fds/vendor/laravel/lumen-framework/src/Routing/Pipeline.php(48): Laravel\\Lumen\\Application->Laravel\\Lumen\\Concerns\\{closure}()
#29 /home/damareshwarakumar/Desktop/fds/app/Http/Middleware/CorsMiddleware.php(24): Laravel\\Lumen\\Routing\\Pipeline->Laravel\\Lumen\\Routing\\{closure}()
#30 /home/damareshwarakumar/Desktop/fds/vendor/illuminate/pipeline/Pipeline.php(180): App\\Http\\Middleware\\CorsMiddleware->handle()
#31 /home/damareshwarakumar/Desktop/fds/vendor/laravel/lumen-framework/src/Routing/Pipeline.php(30): Illuminate\\Pipeline\\Pipeline->Illuminate\\Pipeline\\{closure}()
#32 /home/damareshwarakumar/Desktop/fds/vendor/illuminate/pipeline/Pipeline.php(116): Laravel\\Lumen\\Routing\\Pipeline->Laravel\\Lumen\\Routing\\{closure}()
#33 /home/damareshwarakumar/Desktop/fds/vendor/laravel/lumen-framework/src/Concerns/RoutesRequests.php(428): Illuminate\\Pipeline\\Pipeline->then()
#34 /home/damareshwarakumar/Desktop/fds/vendor/laravel/lumen-framework/src/Concerns/RoutesRequests.php(177): Laravel\\Lumen\\Application->sendThroughPipeline()
#35 /home/damareshwarakumar/Desktop/fds/vendor/laravel/lumen-framework/src/Concerns/RoutesRequests.php(112): Laravel\\Lumen\\Application->dispatch()
#36 /home/damareshwarakumar/Desktop/fds/public/index.php(28): Laravel\\Lumen\\Application->run()
#37 {main}
"} 
[2022-12-07 13:45:54] local.ERROR: SQLSTATE[23000]: Integrity constraint violation: 1062 Duplicate entry '789a50b8-7635-11ed-9318-f80dac7fa2d9-340e39d6-6e43-11ed-85d7-f80' for key 'order_dishes.PRIMARY' (SQL: insert into `order_dishes` (`order_id`, `dish_id`, `quantity`, `dish_price`) values (789a50b8-7635-11ed-9318-f80dac7fa2d9, 340e39d6-6e43-11ed-85d7-f80dac7fa2d9, 0, 199)) {"exception":"[object] (Illuminate\\Database\\QueryException(code: 23000): SQLSTATE[23000]: Integrity constraint violation: 1062 Duplicate entry '789a50b8-7635-11ed-9318-f80dac7fa2d9-340e39d6-6e43-11ed-85d7-f80' for key 'order_dishes.PRIMARY' (SQL: insert into `order_dishes` (`order_id`, `dish_id`, `quantity`, `dish_price`) values (789a50b8-7635-11ed-9318-f80dac7fa2d9, 340e39d6-6e43-11ed-85d7-f80dac7fa2d9, 0, 199)) at /home/damareshwarakumar/Desktop/fds/vendor/illuminate/database/Connection.php:760)
[stacktrace]
#0 /home/damareshwarakumar/Desktop/fds/vendor/illuminate/database/Connection.php(720): Illuminate\\Database\\Connection->runQueryCallback()
#1 /home/damareshwarakumar/Desktop/fds/vendor/illuminate/database/Connection.php(546): Illuminate\\Database\\Connection->run()
#2 /home/damareshwarakumar/Desktop/fds/vendor/illuminate/database/Connection.php(498): Illuminate\\Database\\Connection->statement()
#3 /home/damareshwarakumar/Desktop/fds/vendor/illuminate/database/Query/Builder.php(3218): Illuminate\\Database\\Connection->insert()
#4 /home/damareshwarakumar/Desktop/fds/app/Services/OrderService.php(61): Illuminate\\Database\\Query\\Builder->insert()
#5 /home/damareshwarakumar/Desktop/fds/app/Services/BasketService.php(244): App\\Services\\OrderService->createOrderDish()
#6 /home/damareshwarakumar/Desktop/fds/app/Http/Controllers/BasketController.php(68): App\\Services\\BasketService->checkoutBasket()
#7 /home/damareshwarakumar/Desktop/fds/vendor/illuminate/container/BoundMethod.php(36): App\\Http\\Controllers\\BasketController->checkout()
#8 /home/damareshwarakumar/Desktop/fds/vendor/illuminate/container/Util.php(41): Illuminate\\Container\\BoundMethod::Illuminate\\Container\\{closure}()
#9 /home/damareshwarakumar/Desktop/fds/vendor/illuminate/container/BoundMethod.php(93): Illuminate\\Container\\Util::unwrapIfClosure()
#10 /home/damareshwarakumar/Desktop/fds/vendor/illuminate/container/BoundMethod.php(37): Illuminate\\Container\\BoundMethod::callBoundMethod()
#11 /home/damareshwarakumar/Desktop/fds/vendor/illuminate/container/Container.php(651): Illuminate\\Container\\BoundMethod::call()
#12 /home/damareshwarakumar/Desktop/fds/vendor/laravel/lumen-framework/src/Concerns/RoutesRequests.php(391): Illuminate\\Container\\Container->call()
#13 /home/damareshwarakumar/Desktop/fds/vendor/laravel/lumen-framework/src/Concerns/RoutesRequests.php(357): Laravel\\Lumen\\Application->callControllerCallable()
#14 /home/damareshwarakumar/Desktop/fds/vendor/laravel/lumen-framework/src/Concerns/RoutesRequests.php(331): Laravel\\Lumen\\Application->callLumenController()
#15 /home/damareshwarakumar/Desktop/fds/vendor/laravel/lumen-framework/src/Concerns/RoutesRequests.php(284): Laravel\\Lumen\\Application->callControllerAction()
#16 /home/damareshwarakumar/Desktop/fds/vendor/laravel/lumen-framework/src/Concerns/RoutesRequests.php(264): Laravel\\Lumen\\Application->callActionOnArrayBasedRoute()
#17 /home/damareshwarakumar/Desktop/fds/vendor/laravel/lumen-framework/src/Routing/Pipeline.php(48): Laravel\\Lumen\\Application->Laravel\\Lumen\\Concerns\\{closure}()
#18 /home/damareshwarakumar/Desktop/fds/app/Http/Middleware/Authenticate.php(42): Laravel\\Lumen\\Routing\\Pipeline->Laravel\\Lumen\\Routing\\{closure}()
#19 /home/damareshwarakumar/Desktop/fds/vendor/illuminate/pipeline/Pipeline.php(180): App\\Http\\Middleware\\Authenticate->handle()
#20 /home/damareshwarakumar/Desktop/fds/vendor/laravel/lumen-framework/src/Routing/Pipeline.php(30): Illuminate\\Pipeline\\Pipeline->Illuminate\\Pipeline\\{closure}()
#21 /home/damareshwarakumar/Desktop/fds/vendor/illuminate/pipeline/Pipeline.php(116): Laravel\\Lumen\\Routing\\Pipeline->Laravel\\Lumen\\Routing\\{closure}()
#22 /home/damareshwarakumar/Desktop/fds/vendor/laravel/lumen-framework/src/Concerns/RoutesRequests.php(428): Illuminate\\Pipeline\\Pipeline->then()
#23 /home/damareshwarakumar/Desktop/fds/vendor/laravel/lumen-framework/src/Concerns/RoutesRequests.php(265): Laravel\\Lumen\\Application->sendThroughPipeline()
#24 /home/damareshwarakumar/Desktop/fds/vendor/laravel/lumen-framework/src/Concerns/RoutesRequests.php(239): Laravel\\Lumen\\Application->handleFoundRoute()
#25 /home/damareshwarakumar/Desktop/fds/vendor/laravel/lumen-framework/src/Concerns/RoutesRequests.php(175): Laravel\\Lumen\\Application->handleDispatcherResponse()
#26 /home/damareshwarakumar/Desktop/fds/vendor/laravel/lumen-framework/src/Routing/Pipeline.php(48): Laravel\\Lumen\\Application->Laravel\\Lumen\\Concerns\\{closure}()
#27 /home/damareshwarakumar/Desktop/fds/app/Http/Middleware/CorsMiddleware.php(24): Laravel\\Lumen\\Routing\\Pipeline->Laravel\\Lumen\\Routing\\{closure}()
#28 /home/damareshwarakumar/Desktop/fds/vendor/illuminate/pipeline/Pipeline.php(180): App\\Http\\Middleware\\CorsMiddleware->handle()
#29 /home/damareshwarakumar/Desktop/fds/vendor/laravel/lumen-framework/src/Routing/Pipeline.php(30): Illuminate\\Pipeline\\Pipeline->Illuminate\\Pipeline\\{closure}()
#30 /home/damareshwarakumar/Desktop/fds/vendor/illuminate/pipeline/Pipeline.php(116): Laravel\\Lumen\\Routing\\Pipeline->Laravel\\Lumen\\Routing\\{closure}()
#31 /home/damareshwarakumar/Desktop/fds/vendor/laravel/lumen-framework/src/Concerns/RoutesRequests.php(428): Illuminate\\Pipeline\\Pipeline->then()
#32 /home/damareshwarakumar/Desktop/fds/vendor/laravel/lumen-framework/src/Concerns/RoutesRequests.php(177): Laravel\\Lumen\\Application->sendThroughPipeline()
#33 /home/damareshwarakumar/Desktop/fds/vendor/laravel/lumen-framework/src/Concerns/RoutesRequests.php(112): Laravel\\Lumen\\Application->dispatch()
#34 /home/damareshwarakumar/Desktop/fds/public/index.php(28): Laravel\\Lumen\\Application->run()
#35 {main}

[previous exception] [object] (PDOException(code: 23000): SQLSTATE[23000]: Integrity constraint violation: 1062 Duplicate entry '789a50b8-7635-11ed-9318-f80dac7fa2d9-340e39d6-6e43-11ed-85d7-f80' for key 'order_dishes.PRIMARY' at /home/damareshwarakumar/Desktop/fds/vendor/illuminate/database/Connection.php:545)
[stacktrace]
#0 /home/damareshwarakumar/Desktop/fds/vendor/illuminate/database/Connection.php(545): PDOStatement->execute()
#1 /home/damareshwarakumar/Desktop/fds/vendor/illuminate/database/Connection.php(753): Illuminate\\Database\\Connection->Illuminate\\Database\\{closure}()
#2 /home/damareshwarakumar/Desktop/fds/vendor/illuminate/database/Connection.php(720): Illuminate\\Database\\Connection->runQueryCallback()
#3 /home/damareshwarakumar/Desktop/fds/vendor/illuminate/database/Connection.php(546): Illuminate\\Database\\Connection->run()
#4 /home/damareshwarakumar/Desktop/fds/vendor/illuminate/database/Connection.php(498): Illuminate\\Database\\Connection->statement()
#5 /home/damareshwarakumar/Desktop/fds/vendor/illuminate/database/Query/Builder.php(3218): Illuminate\\Database\\Connection->insert()
#6 /home/damareshwarakumar/Desktop/fds/app/Services/OrderService.php(61): Illuminate\\Database\\Query\\Builder->insert()
#7 /home/damareshwarakumar/Desktop/fds/app/Services/BasketService.php(244): App\\Services\\OrderService->createOrderDish()
#8 /home/damareshwarakumar/Desktop/fds/app/Http/Controllers/BasketController.php(68): App\\Services\\BasketService->checkoutBasket()
#9 /home/damareshwarakumar/Desktop/fds/vendor/illuminate/container/BoundMethod.php(36): App\\Http\\Controllers\\BasketController->checkout()
#10 /home/damareshwarakumar/Desktop/fds/vendor/illuminate/container/Util.php(41): Illuminate\\Container\\BoundMethod::Illuminate\\Container\\{closure}()
#11 /home/damareshwarakumar/Desktop/fds/vendor/illuminate/container/BoundMethod.php(93): Illuminate\\Container\\Util::unwrapIfClosure()
#12 /home/damareshwarakumar/Desktop/fds/vendor/illuminate/container/BoundMethod.php(37): Illuminate\\Container\\BoundMethod::callBoundMethod()
#13 /home/damareshwarakumar/Desktop/fds/vendor/illuminate/container/Container.php(651): Illuminate\\Container\\BoundMethod::call()
#14 /home/damareshwarakumar/Desktop/fds/vendor/laravel/lumen-framework/src/Concerns/RoutesRequests.php(391): Illuminate\\Container\\Container->call()
#15 /home/damareshwarakumar/Desktop/fds/vendor/laravel/lumen-framework/src/Concerns/RoutesRequests.php(357): Laravel\\Lumen\\Application->callControllerCallable()
#16 /home/damareshwarakumar/Desktop/fds/vendor/laravel/lumen-framework/src/Concerns/RoutesRequests.php(331): Laravel\\Lumen\\Application->callLumenController()
#17 /home/damareshwarakumar/Desktop/fds/vendor/laravel/lumen-framework/src/Concerns/RoutesRequests.php(284): Laravel\\Lumen\\Application->callControllerAction()
#18 /home/damareshwarakumar/Desktop/fds/vendor/laravel/lumen-framework/src/Concerns/RoutesRequests.php(264): Laravel\\Lumen\\Application->callActionOnArrayBasedRoute()
#19 /home/damareshwarakumar/Desktop/fds/vendor/laravel/lumen-framework/src/Routing/Pipeline.php(48): Laravel\\Lumen\\Application->Laravel\\Lumen\\Concerns\\{closure}()
#20 /home/damareshwarakumar/Desktop/fds/app/Http/Middleware/Authenticate.php(42): Laravel\\Lumen\\Routing\\Pipeline->Laravel\\Lumen\\Routing\\{closure}()
#21 /home/damareshwarakumar/Desktop/fds/vendor/illuminate/pipeline/Pipeline.php(180): App\\Http\\Middleware\\Authenticate->handle()
#22 /home/damareshwarakumar/Desktop/fds/vendor/laravel/lumen-framework/src/Routing/Pipeline.php(30): Illuminate\\Pipeline\\Pipeline->Illuminate\\Pipeline\\{closure}()
#23 /home/damareshwarakumar/Desktop/fds/vendor/illuminate/pipeline/Pipeline.php(116): Laravel\\Lumen\\Routing\\Pipeline->Laravel\\Lumen\\Routing\\{closure}()
#24 /home/damareshwarakumar/Desktop/fds/vendor/laravel/lumen-framework/src/Concerns/RoutesRequests.php(428): Illuminate\\Pipeline\\Pipeline->then()
#25 /home/damareshwarakumar/Desktop/fds/vendor/laravel/lumen-framework/src/Concerns/RoutesRequests.php(265): Laravel\\Lumen\\Application->sendThroughPipeline()
#26 /home/damareshwarakumar/Desktop/fds/vendor/laravel/lumen-framework/src/Concerns/RoutesRequests.php(239): Laravel\\Lumen\\Application->handleFoundRoute()
#27 /home/damareshwarakumar/Desktop/fds/vendor/laravel/lumen-framework/src/Concerns/RoutesRequests.php(175): Laravel\\Lumen\\Application->handleDispatcherResponse()
#28 /home/damareshwarakumar/Desktop/fds/vendor/laravel/lumen-framework/src/Routing/Pipeline.php(48): Laravel\\Lumen\\Application->Laravel\\Lumen\\Concerns\\{closure}()
#29 /home/damareshwarakumar/Desktop/fds/app/Http/Middleware/CorsMiddleware.php(24): Laravel\\Lumen\\Routing\\Pipeline->Laravel\\Lumen\\Routing\\{closure}()
#30 /home/damareshwarakumar/Desktop/fds/vendor/illuminate/pipeline/Pipeline.php(180): App\\Http\\Middleware\\CorsMiddleware->handle()
#31 /home/damareshwarakumar/Desktop/fds/vendor/laravel/lumen-framework/src/Routing/Pipeline.php(30): Illuminate\\Pipeline\\Pipeline->Illuminate\\Pipeline\\{closure}()
#32 /home/damareshwarakumar/Desktop/fds/vendor/illuminate/pipeline/Pipeline.php(116): Laravel\\Lumen\\Routing\\Pipeline->Laravel\\Lumen\\Routing\\{closure}()
#33 /home/damareshwarakumar/Desktop/fds/vendor/laravel/lumen-framework/src/Concerns/RoutesRequests.php(428): Illuminate\\Pipeline\\Pipeline->then()
#34 /home/damareshwarakumar/Desktop/fds/vendor/laravel/lumen-framework/src/Concerns/RoutesRequests.php(177): Laravel\\Lumen\\Application->sendThroughPipeline()
#35 /home/damareshwarakumar/Desktop/fds/vendor/laravel/lumen-framework/src/Concerns/RoutesRequests.php(112): Laravel\\Lumen\\Application->dispatch()
#36 /home/damareshwarakumar/Desktop/fds/public/index.php(28): Laravel\\Lumen\\Application->run()
#37 {main}
"} 
[2022-12-07 13:50:46] local.ERROR: SQLSTATE[23000]: Integrity constraint violation: 1062 Duplicate entry '267b20ec-7636-11ed-9318-f80dac7fa2d9-340e39d6-6e43-11ed-85d7-f80' for key 'order_dishes.PRIMARY' (SQL: insert into `order_dishes` (`order_id`, `dish_id`, `quantity`, `dish_price`) values (267b20ec-7636-11ed-9318-f80dac7fa2d9, 340e39d6-6e43-11ed-85d7-f80dac7fa2d9, 0, 199)) {"exception":"[object] (Illuminate\\Database\\QueryException(code: 23000): SQLSTATE[23000]: Integrity constraint violation: 1062 Duplicate entry '267b20ec-7636-11ed-9318-f80dac7fa2d9-340e39d6-6e43-11ed-85d7-f80' for key 'order_dishes.PRIMARY' (SQL: insert into `order_dishes` (`order_id`, `dish_id`, `quantity`, `dish_price`) values (267b20ec-7636-11ed-9318-f80dac7fa2d9, 340e39d6-6e43-11ed-85d7-f80dac7fa2d9, 0, 199)) at /home/damareshwarakumar/Desktop/fds/vendor/illuminate/database/Connection.php:760)
[stacktrace]
#0 /home/damareshwarakumar/Desktop/fds/vendor/illuminate/database/Connection.php(720): Illuminate\\Database\\Connection->runQueryCallback()
#1 /home/damareshwarakumar/Desktop/fds/vendor/illuminate/database/Connection.php(546): Illuminate\\Database\\Connection->run()
#2 /home/damareshwarakumar/Desktop/fds/vendor/illuminate/database/Connection.php(498): Illuminate\\Database\\Connection->statement()
#3 /home/damareshwarakumar/Desktop/fds/vendor/illuminate/database/Query/Builder.php(3218): Illuminate\\Database\\Connection->insert()
#4 /home/damareshwarakumar/Desktop/fds/app/Services/OrderService.php(61): Illuminate\\Database\\Query\\Builder->insert()
#5 /home/damareshwarakumar/Desktop/fds/app/Services/BasketService.php(244): App\\Services\\OrderService->createOrderDish()
#6 /home/damareshwarakumar/Desktop/fds/app/Http/Controllers/BasketController.php(68): App\\Services\\BasketService->checkoutBasket()
#7 /home/damareshwarakumar/Desktop/fds/vendor/illuminate/container/BoundMethod.php(36): App\\Http\\Controllers\\BasketController->checkout()
#8 /home/damareshwarakumar/Desktop/fds/vendor/illuminate/container/Util.php(41): Illuminate\\Container\\BoundMethod::Illuminate\\Container\\{closure}()
#9 /home/damareshwarakumar/Desktop/fds/vendor/illuminate/container/BoundMethod.php(93): Illuminate\\Container\\Util::unwrapIfClosure()
#10 /home/damareshwarakumar/Desktop/fds/vendor/illuminate/container/BoundMethod.php(37): Illuminate\\Container\\BoundMethod::callBoundMethod()
#11 /home/damareshwarakumar/Desktop/fds/vendor/illuminate/container/Container.php(651): Illuminate\\Container\\BoundMethod::call()
#12 /home/damareshwarakumar/Desktop/fds/vendor/laravel/lumen-framework/src/Concerns/RoutesRequests.php(391): Illuminate\\Container\\Container->call()
#13 /home/damareshwarakumar/Desktop/fds/vendor/laravel/lumen-framework/src/Concerns/RoutesRequests.php(357): Laravel\\Lumen\\Application->callControllerCallable()
#14 /home/damareshwarakumar/Desktop/fds/vendor/laravel/lumen-framework/src/Concerns/RoutesRequests.php(331): Laravel\\Lumen\\Application->callLumenController()
#15 /home/damareshwarakumar/Desktop/fds/vendor/laravel/lumen-framework/src/Concerns/RoutesRequests.php(284): Laravel\\Lumen\\Application->callControllerAction()
#16 /home/damareshwarakumar/Desktop/fds/vendor/laravel/lumen-framework/src/Concerns/RoutesRequests.php(264): Laravel\\Lumen\\Application->callActionOnArrayBasedRoute()
#17 /home/damareshwarakumar/Desktop/fds/vendor/laravel/lumen-framework/src/Routing/Pipeline.php(48): Laravel\\Lumen\\Application->Laravel\\Lumen\\Concerns\\{closure}()
#18 /home/damareshwarakumar/Desktop/fds/app/Http/Middleware/Authenticate.php(42): Laravel\\Lumen\\Routing\\Pipeline->Laravel\\Lumen\\Routing\\{closure}()
#19 /home/damareshwarakumar/Desktop/fds/vendor/illuminate/pipeline/Pipeline.php(180): App\\Http\\Middleware\\Authenticate->handle()
#20 /home/damareshwarakumar/Desktop/fds/vendor/laravel/lumen-framework/src/Routing/Pipeline.php(30): Illuminate\\Pipeline\\Pipeline->Illuminate\\Pipeline\\{closure}()
#21 /home/damareshwarakumar/Desktop/fds/vendor/illuminate/pipeline/Pipeline.php(116): Laravel\\Lumen\\Routing\\Pipeline->Laravel\\Lumen\\Routing\\{closure}()
#22 /home/damareshwarakumar/Desktop/fds/vendor/laravel/lumen-framework/src/Concerns/RoutesRequests.php(428): Illuminate\\Pipeline\\Pipeline->then()
#23 /home/damareshwarakumar/Desktop/fds/vendor/laravel/lumen-framework/src/Concerns/RoutesRequests.php(265): Laravel\\Lumen\\Application->sendThroughPipeline()
#24 /home/damareshwarakumar/Desktop/fds/vendor/laravel/lumen-framework/src/Concerns/RoutesRequests.php(239): Laravel\\Lumen\\Application->handleFoundRoute()
#25 /home/damareshwarakumar/Desktop/fds/vendor/laravel/lumen-framework/src/Concerns/RoutesRequests.php(175): Laravel\\Lumen\\Application->handleDispatcherResponse()
#26 /home/damareshwarakumar/Desktop/fds/vendor/laravel/lumen-framework/src/Routing/Pipeline.php(48): Laravel\\Lumen\\Application->Laravel\\Lumen\\Concerns\\{closure}()
#27 /home/damareshwarakumar/Desktop/fds/app/Http/Middleware/CorsMiddleware.php(24): Laravel\\Lumen\\Routing\\Pipeline->Laravel\\Lumen\\Routing\\{closure}()
#28 /home/damareshwarakumar/Desktop/fds/vendor/illuminate/pipeline/Pipeline.php(180): App\\Http\\Middleware\\CorsMiddleware->handle()
#29 /home/damareshwarakumar/Desktop/fds/vendor/laravel/lumen-framework/src/Routing/Pipeline.php(30): Illuminate\\Pipeline\\Pipeline->Illuminate\\Pipeline\\{closure}()
#30 /home/damareshwarakumar/Desktop/fds/vendor/illuminate/pipeline/Pipeline.php(116): Laravel\\Lumen\\Routing\\Pipeline->Laravel\\Lumen\\Routing\\{closure}()
#31 /home/damareshwarakumar/Desktop/fds/vendor/laravel/lumen-framework/src/Concerns/RoutesRequests.php(428): Illuminate\\Pipeline\\Pipeline->then()
#32 /home/damareshwarakumar/Desktop/fds/vendor/laravel/lumen-framework/src/Concerns/RoutesRequests.php(177): Laravel\\Lumen\\Application->sendThroughPipeline()
#33 /home/damareshwarakumar/Desktop/fds/vendor/laravel/lumen-framework/src/Concerns/RoutesRequests.php(112): Laravel\\Lumen\\Application->dispatch()
#34 /home/damareshwarakumar/Desktop/fds/public/index.php(28): Laravel\\Lumen\\Application->run()
#35 {main}

[previous exception] [object] (PDOException(code: 23000): SQLSTATE[23000]: Integrity constraint violation: 1062 Duplicate entry '267b20ec-7636-11ed-9318-f80dac7fa2d9-340e39d6-6e43-11ed-85d7-f80' for key 'order_dishes.PRIMARY' at /home/damareshwarakumar/Desktop/fds/vendor/illuminate/database/Connection.php:545)
[stacktrace]
#0 /home/damareshwarakumar/Desktop/fds/vendor/illuminate/database/Connection.php(545): PDOStatement->execute()
#1 /home/damareshwarakumar/Desktop/fds/vendor/illuminate/database/Connection.php(753): Illuminate\\Database\\Connection->Illuminate\\Database\\{closure}()
#2 /home/damareshwarakumar/Desktop/fds/vendor/illuminate/database/Connection.php(720): Illuminate\\Database\\Connection->runQueryCallback()
#3 /home/damareshwarakumar/Desktop/fds/vendor/illuminate/database/Connection.php(546): Illuminate\\Database\\Connection->run()
#4 /home/damareshwarakumar/Desktop/fds/vendor/illuminate/database/Connection.php(498): Illuminate\\Database\\Connection->statement()
#5 /home/damareshwarakumar/Desktop/fds/vendor/illuminate/database/Query/Builder.php(3218): Illuminate\\Database\\Connection->insert()
#6 /home/damareshwarakumar/Desktop/fds/app/Services/OrderService.php(61): Illuminate\\Database\\Query\\Builder->insert()
#7 /home/damareshwarakumar/Desktop/fds/app/Services/BasketService.php(244): App\\Services\\OrderService->createOrderDish()
#8 /home/damareshwarakumar/Desktop/fds/app/Http/Controllers/BasketController.php(68): App\\Services\\BasketService->checkoutBasket()
#9 /home/damareshwarakumar/Desktop/fds/vendor/illuminate/container/BoundMethod.php(36): App\\Http\\Controllers\\BasketController->checkout()
#10 /home/damareshwarakumar/Desktop/fds/vendor/illuminate/container/Util.php(41): Illuminate\\Container\\BoundMethod::Illuminate\\Container\\{closure}()
#11 /home/damareshwarakumar/Desktop/fds/vendor/illuminate/container/BoundMethod.php(93): Illuminate\\Container\\Util::unwrapIfClosure()
#12 /home/damareshwarakumar/Desktop/fds/vendor/illuminate/container/BoundMethod.php(37): Illuminate\\Container\\BoundMethod::callBoundMethod()
#13 /home/damareshwarakumar/Desktop/fds/vendor/illuminate/container/Container.php(651): Illuminate\\Container\\BoundMethod::call()
#14 /home/damareshwarakumar/Desktop/fds/vendor/laravel/lumen-framework/src/Concerns/RoutesRequests.php(391): Illuminate\\Container\\Container->call()
#15 /home/damareshwarakumar/Desktop/fds/vendor/laravel/lumen-framework/src/Concerns/RoutesRequests.php(357): Laravel\\Lumen\\Application->callControllerCallable()
#16 /home/damareshwarakumar/Desktop/fds/vendor/laravel/lumen-framework/src/Concerns/RoutesRequests.php(331): Laravel\\Lumen\\Application->callLumenController()
#17 /home/damareshwarakumar/Desktop/fds/vendor/laravel/lumen-framework/src/Concerns/RoutesRequests.php(284): Laravel\\Lumen\\Application->callControllerAction()
#18 /home/damareshwarakumar/Desktop/fds/vendor/laravel/lumen-framework/src/Concerns/RoutesRequests.php(264): Laravel\\Lumen\\Application->callActionOnArrayBasedRoute()
#19 /home/damareshwarakumar/Desktop/fds/vendor/laravel/lumen-framework/src/Routing/Pipeline.php(48): Laravel\\Lumen\\Application->Laravel\\Lumen\\Concerns\\{closure}()
#20 /home/damareshwarakumar/Desktop/fds/app/Http/Middleware/Authenticate.php(42): Laravel\\Lumen\\Routing\\Pipeline->Laravel\\Lumen\\Routing\\{closure}()
#21 /home/damareshwarakumar/Desktop/fds/vendor/illuminate/pipeline/Pipeline.php(180): App\\Http\\Middleware\\Authenticate->handle()
#22 /home/damareshwarakumar/Desktop/fds/vendor/laravel/lumen-framework/src/Routing/Pipeline.php(30): Illuminate\\Pipeline\\Pipeline->Illuminate\\Pipeline\\{closure}()
#23 /home/damareshwarakumar/Desktop/fds/vendor/illuminate/pipeline/Pipeline.php(116): Laravel\\Lumen\\Routing\\Pipeline->Laravel\\Lumen\\Routing\\{closure}()
#24 /home/damareshwarakumar/Desktop/fds/vendor/laravel/lumen-framework/src/Concerns/RoutesRequests.php(428): Illuminate\\Pipeline\\Pipeline->then()
#25 /home/damareshwarakumar/Desktop/fds/vendor/laravel/lumen-framework/src/Concerns/RoutesRequests.php(265): Laravel\\Lumen\\Application->sendThroughPipeline()
#26 /home/damareshwarakumar/Desktop/fds/vendor/laravel/lumen-framework/src/Concerns/RoutesRequests.php(239): Laravel\\Lumen\\Application->handleFoundRoute()
#27 /home/damareshwarakumar/Desktop/fds/vendor/laravel/lumen-framework/src/Concerns/RoutesRequests.php(175): Laravel\\Lumen\\Application->handleDispatcherResponse()
#28 /home/damareshwarakumar/Desktop/fds/vendor/laravel/lumen-framework/src/Routing/Pipeline.php(48): Laravel\\Lumen\\Application->Laravel\\Lumen\\Concerns\\{closure}()
#29 /home/damareshwarakumar/Desktop/fds/app/Http/Middleware/CorsMiddleware.php(24): Laravel\\Lumen\\Routing\\Pipeline->Laravel\\Lumen\\Routing\\{closure}()
#30 /home/damareshwarakumar/Desktop/fds/vendor/illuminate/pipeline/Pipeline.php(180): App\\Http\\Middleware\\CorsMiddleware->handle()
#31 /home/damareshwarakumar/Desktop/fds/vendor/laravel/lumen-framework/src/Routing/Pipeline.php(30): Illuminate\\Pipeline\\Pipeline->Illuminate\\Pipeline\\{closure}()
#32 /home/damareshwarakumar/Desktop/fds/vendor/illuminate/pipeline/Pipeline.php(116): Laravel\\Lumen\\Routing\\Pipeline->Laravel\\Lumen\\Routing\\{closure}()
#33 /home/damareshwarakumar/Desktop/fds/vendor/laravel/lumen-framework/src/Concerns/RoutesRequests.php(428): Illuminate\\Pipeline\\Pipeline->then()
#34 /home/damareshwarakumar/Desktop/fds/vendor/laravel/lumen-framework/src/Concerns/RoutesRequests.php(177): Laravel\\Lumen\\Application->sendThroughPipeline()
#35 /home/damareshwarakumar/Desktop/fds/vendor/laravel/lumen-framework/src/Concerns/RoutesRequests.php(112): Laravel\\Lumen\\Application->dispatch()
#36 /home/damareshwarakumar/Desktop/fds/public/index.php(28): Laravel\\Lumen\\Application->run()
#37 {main}
"} 
[2022-12-07 13:50:46] local.CRITICAL: [Exception Handler][QueryException] SQLSTATE[23000]: Integrity constraint violation: 1062 Duplicate entry '267b20ec-7636-11ed-9318-f80dac7fa2d9-340e39d6-6e43-11ed-85d7-f80' for key 'order_dishes.PRIMARY' (SQL: insert into `order_dishes` (`order_id`, `dish_id`, `quantity`, `dish_price`) values (267b20ec-7636-11ed-9318-f80dac7fa2d9, 340e39d6-6e43-11ed-85d7-f80dac7fa2d9, 0, 199))  
[2022-12-08 11:28:14] local.INFO: [AuthController][login] - User damareshwarakumar@gmail.com logged in  
[2022-12-08 11:29:15] local.INFO: [AuthController][login] - User damareshwarakumar@gmail.com logged in  
[2022-12-08 11:30:49] local.ERROR: Database Error :: Error booking dining  
[2022-12-08 11:46:52] local.INFO: 64818e26-6a35-11ed-ae95-f80dac7fa2d9 placed an order  
[2022-12-08 11:53:51] local.INFO: [AuthController][login] - User damareshwarakumar@gmail.com logged in  
[2022-12-08 11:54:17] local.INFO: 64818e26-6a35-11ed-ae95-f80dac7fa2d9 placed an order  
[2022-12-08 11:55:05] local.INFO: 64818e26-6a35-11ed-ae95-f80dac7fa2d9 placed an order  
[2022-12-08 11:55:59] local.INFO: [AuthController][login] - User test@test.com logged in  
[2022-12-08 11:56:37] local.ERROR: SQLSTATE[23000]: Integrity constraint violation: 1451 Cannot delete or update a parent row: a foreign key constraint fails (`food_delivery_system`.`order_dishes`, CONSTRAINT `fk_order_dishes_dishes` FOREIGN KEY (`dish_id`) REFERENCES `dishes` (`dish_id`)) (SQL: delete from `dishes` where `dish_id` = 5d8b21b7-6e43-11ed-85d7-f80dac7fa2d9) {"exception":"[object] (Illuminate\\Database\\QueryException(code: 23000): SQLSTATE[23000]: Integrity constraint violation: 1451 Cannot delete or update a parent row: a foreign key constraint fails (`food_delivery_system`.`order_dishes`, CONSTRAINT `fk_order_dishes_dishes` FOREIGN KEY (`dish_id`) REFERENCES `dishes` (`dish_id`)) (SQL: delete from `dishes` where `dish_id` = 5d8b21b7-6e43-11ed-85d7-f80dac7fa2d9) at /home/damareshwarakumar/Desktop/fds/vendor/illuminate/database/Connection.php:760)
[stacktrace]
#0 /home/damareshwarakumar/Desktop/fds/vendor/illuminate/database/Connection.php(720): Illuminate\\Database\\Connection->runQueryCallback()
#1 /home/damareshwarakumar/Desktop/fds/vendor/illuminate/database/Connection.php(577): Illuminate\\Database\\Connection->run()
#2 /home/damareshwarakumar/Desktop/fds/vendor/illuminate/database/Connection.php(522): Illuminate\\Database\\Connection->affectingStatement()
#3 /home/damareshwarakumar/Desktop/fds/vendor/illuminate/database/Query/Builder.php(3456): Illuminate\\Database\\Connection->delete()
#4 /home/damareshwarakumar/Desktop/fds/app/Services/DishService.php(100): Illuminate\\Database\\Query\\Builder->delete()
#5 /home/damareshwarakumar/Desktop/fds/app/Http/Controllers/DishController.php(65): App\\Services\\DishService->deleteDish()
#6 /home/damareshwarakumar/Desktop/fds/vendor/illuminate/container/BoundMethod.php(36): App\\Http\\Controllers\\DishController->destroy()
#7 /home/damareshwarakumar/Desktop/fds/vendor/illuminate/container/Util.php(41): Illuminate\\Container\\BoundMethod::Illuminate\\Container\\{closure}()
#8 /home/damareshwarakumar/Desktop/fds/vendor/illuminate/container/BoundMethod.php(93): Illuminate\\Container\\Util::unwrapIfClosure()
#9 /home/damareshwarakumar/Desktop/fds/vendor/illuminate/container/BoundMethod.php(37): Illuminate\\Container\\BoundMethod::callBoundMethod()
#10 /home/damareshwarakumar/Desktop/fds/vendor/illuminate/container/Container.php(651): Illuminate\\Container\\BoundMethod::call()
#11 /home/damareshwarakumar/Desktop/fds/vendor/laravel/lumen-framework/src/Concerns/RoutesRequests.php(391): Illuminate\\Container\\Container->call()
#12 /home/damareshwarakumar/Desktop/fds/vendor/laravel/lumen-framework/src/Concerns/RoutesRequests.php(357): Laravel\\Lumen\\Application->callControllerCallable()
#13 /home/damareshwarakumar/Desktop/fds/vendor/laravel/lumen-framework/src/Concerns/RoutesRequests.php(331): Laravel\\Lumen\\Application->callLumenController()
#14 /home/damareshwarakumar/Desktop/fds/vendor/laravel/lumen-framework/src/Concerns/RoutesRequests.php(284): Laravel\\Lumen\\Application->callControllerAction()
#15 /home/damareshwarakumar/Desktop/fds/vendor/laravel/lumen-framework/src/Concerns/RoutesRequests.php(264): Laravel\\Lumen\\Application->callActionOnArrayBasedRoute()
#16 /home/damareshwarakumar/Desktop/fds/vendor/laravel/lumen-framework/src/Routing/Pipeline.php(48): Laravel\\Lumen\\Application->Laravel\\Lumen\\Concerns\\{closure}()
#17 /home/damareshwarakumar/Desktop/fds/app/Http/Middleware/Authenticate.php(42): Laravel\\Lumen\\Routing\\Pipeline->Laravel\\Lumen\\Routing\\{closure}()
#18 /home/damareshwarakumar/Desktop/fds/vendor/illuminate/pipeline/Pipeline.php(180): App\\Http\\Middleware\\Authenticate->handle()
#19 /home/damareshwarakumar/Desktop/fds/vendor/laravel/lumen-framework/src/Routing/Pipeline.php(30): Illuminate\\Pipeline\\Pipeline->Illuminate\\Pipeline\\{closure}()
#20 /home/damareshwarakumar/Desktop/fds/vendor/illuminate/pipeline/Pipeline.php(116): Laravel\\Lumen\\Routing\\Pipeline->Laravel\\Lumen\\Routing\\{closure}()
#21 /home/damareshwarakumar/Desktop/fds/vendor/laravel/lumen-framework/src/Concerns/RoutesRequests.php(428): Illuminate\\Pipeline\\Pipeline->then()
#22 /home/damareshwarakumar/Desktop/fds/vendor/laravel/lumen-framework/src/Concerns/RoutesRequests.php(265): Laravel\\Lumen\\Application->sendThroughPipeline()
#23 /home/damareshwarakumar/Desktop/fds/vendor/laravel/lumen-framework/src/Concerns/RoutesRequests.php(239): Laravel\\Lumen\\Application->handleFoundRoute()
#24 /home/damareshwarakumar/Desktop/fds/vendor/laravel/lumen-framework/src/Concerns/RoutesRequests.php(175): Laravel\\Lumen\\Application->handleDispatcherResponse()
#25 /home/damareshwarakumar/Desktop/fds/vendor/laravel/lumen-framework/src/Routing/Pipeline.php(48): Laravel\\Lumen\\Application->Laravel\\Lumen\\Concerns\\{closure}()
#26 /home/damareshwarakumar/Desktop/fds/app/Http/Middleware/CorsMiddleware.php(24): Laravel\\Lumen\\Routing\\Pipeline->Laravel\\Lumen\\Routing\\{closure}()
#27 /home/damareshwarakumar/Desktop/fds/vendor/illuminate/pipeline/Pipeline.php(180): App\\Http\\Middleware\\CorsMiddleware->handle()
#28 /home/damareshwarakumar/Desktop/fds/vendor/laravel/lumen-framework/src/Routing/Pipeline.php(30): Illuminate\\Pipeline\\Pipeline->Illuminate\\Pipeline\\{closure}()
#29 /home/damareshwarakumar/Desktop/fds/vendor/illuminate/pipeline/Pipeline.php(116): Laravel\\Lumen\\Routing\\Pipeline->Laravel\\Lumen\\Routing\\{closure}()
#30 /home/damareshwarakumar/Desktop/fds/vendor/laravel/lumen-framework/src/Concerns/RoutesRequests.php(428): Illuminate\\Pipeline\\Pipeline->then()
#31 /home/damareshwarakumar/Desktop/fds/vendor/laravel/lumen-framework/src/Concerns/RoutesRequests.php(177): Laravel\\Lumen\\Application->sendThroughPipeline()
#32 /home/damareshwarakumar/Desktop/fds/vendor/laravel/lumen-framework/src/Concerns/RoutesRequests.php(112): Laravel\\Lumen\\Application->dispatch()
#33 /home/damareshwarakumar/Desktop/fds/public/index.php(28): Laravel\\Lumen\\Application->run()
#34 {main}

[previous exception] [object] (PDOException(code: 23000): SQLSTATE[23000]: Integrity constraint violation: 1451 Cannot delete or update a parent row: a foreign key constraint fails (`food_delivery_system`.`order_dishes`, CONSTRAINT `fk_order_dishes_dishes` FOREIGN KEY (`dish_id`) REFERENCES `dishes` (`dish_id`)) at /home/damareshwarakumar/Desktop/fds/vendor/illuminate/database/Connection.php:570)
[stacktrace]
#0 /home/damareshwarakumar/Desktop/fds/vendor/illuminate/database/Connection.php(570): PDOStatement->execute()
#1 /home/damareshwarakumar/Desktop/fds/vendor/illuminate/database/Connection.php(753): Illuminate\\Database\\Connection->Illuminate\\Database\\{closure}()
#2 /home/damareshwarakumar/Desktop/fds/vendor/illuminate/database/Connection.php(720): Illuminate\\Database\\Connection->runQueryCallback()
#3 /home/damareshwarakumar/Desktop/fds/vendor/illuminate/database/Connection.php(577): Illuminate\\Database\\Connection->run()
#4 /home/damareshwarakumar/Desktop/fds/vendor/illuminate/database/Connection.php(522): Illuminate\\Database\\Connection->affectingStatement()
#5 /home/damareshwarakumar/Desktop/fds/vendor/illuminate/database/Query/Builder.php(3456): Illuminate\\Database\\Connection->delete()
#6 /home/damareshwarakumar/Desktop/fds/app/Services/DishService.php(100): Illuminate\\Database\\Query\\Builder->delete()
#7 /home/damareshwarakumar/Desktop/fds/app/Http/Controllers/DishController.php(65): App\\Services\\DishService->deleteDish()
#8 /home/damareshwarakumar/Desktop/fds/vendor/illuminate/container/BoundMethod.php(36): App\\Http\\Controllers\\DishController->destroy()
#9 /home/damareshwarakumar/Desktop/fds/vendor/illuminate/container/Util.php(41): Illuminate\\Container\\BoundMethod::Illuminate\\Container\\{closure}()
#10 /home/damareshwarakumar/Desktop/fds/vendor/illuminate/container/BoundMethod.php(93): Illuminate\\Container\\Util::unwrapIfClosure()
#11 /home/damareshwarakumar/Desktop/fds/vendor/illuminate/container/BoundMethod.php(37): Illuminate\\Container\\BoundMethod::callBoundMethod()
#12 /home/damareshwarakumar/Desktop/fds/vendor/illuminate/container/Container.php(651): Illuminate\\Container\\BoundMethod::call()
#13 /home/damareshwarakumar/Desktop/fds/vendor/laravel/lumen-framework/src/Concerns/RoutesRequests.php(391): Illuminate\\Container\\Container->call()
#14 /home/damareshwarakumar/Desktop/fds/vendor/laravel/lumen-framework/src/Concerns/RoutesRequests.php(357): Laravel\\Lumen\\Application->callControllerCallable()
#15 /home/damareshwarakumar/Desktop/fds/vendor/laravel/lumen-framework/src/Concerns/RoutesRequests.php(331): Laravel\\Lumen\\Application->callLumenController()
#16 /home/damareshwarakumar/Desktop/fds/vendor/laravel/lumen-framework/src/Concerns/RoutesRequests.php(284): Laravel\\Lumen\\Application->callControllerAction()
#17 /home/damareshwarakumar/Desktop/fds/vendor/laravel/lumen-framework/src/Concerns/RoutesRequests.php(264): Laravel\\Lumen\\Application->callActionOnArrayBasedRoute()
#18 /home/damareshwarakumar/Desktop/fds/vendor/laravel/lumen-framework/src/Routing/Pipeline.php(48): Laravel\\Lumen\\Application->Laravel\\Lumen\\Concerns\\{closure}()
#19 /home/damareshwarakumar/Desktop/fds/app/Http/Middleware/Authenticate.php(42): Laravel\\Lumen\\Routing\\Pipeline->Laravel\\Lumen\\Routing\\{closure}()
#20 /home/damareshwarakumar/Desktop/fds/vendor/illuminate/pipeline/Pipeline.php(180): App\\Http\\Middleware\\Authenticate->handle()
#21 /home/damareshwarakumar/Desktop/fds/vendor/laravel/lumen-framework/src/Routing/Pipeline.php(30): Illuminate\\Pipeline\\Pipeline->Illuminate\\Pipeline\\{closure}()
#22 /home/damareshwarakumar/Desktop/fds/vendor/illuminate/pipeline/Pipeline.php(116): Laravel\\Lumen\\Routing\\Pipeline->Laravel\\Lumen\\Routing\\{closure}()
#23 /home/damareshwarakumar/Desktop/fds/vendor/laravel/lumen-framework/src/Concerns/RoutesRequests.php(428): Illuminate\\Pipeline\\Pipeline->then()
#24 /home/damareshwarakumar/Desktop/fds/vendor/laravel/lumen-framework/src/Concerns/RoutesRequests.php(265): Laravel\\Lumen\\Application->sendThroughPipeline()
#25 /home/damareshwarakumar/Desktop/fds/vendor/laravel/lumen-framework/src/Concerns/RoutesRequests.php(239): Laravel\\Lumen\\Application->handleFoundRoute()
#26 /home/damareshwarakumar/Desktop/fds/vendor/laravel/lumen-framework/src/Concerns/RoutesRequests.php(175): Laravel\\Lumen\\Application->handleDispatcherResponse()
#27 /home/damareshwarakumar/Desktop/fds/vendor/laravel/lumen-framework/src/Routing/Pipeline.php(48): Laravel\\Lumen\\Application->Laravel\\Lumen\\Concerns\\{closure}()
#28 /home/damareshwarakumar/Desktop/fds/app/Http/Middleware/CorsMiddleware.php(24): Laravel\\Lumen\\Routing\\Pipeline->Laravel\\Lumen\\Routing\\{closure}()
#29 /home/damareshwarakumar/Desktop/fds/vendor/illuminate/pipeline/Pipeline.php(180): App\\Http\\Middleware\\CorsMiddleware->handle()
#30 /home/damareshwarakumar/Desktop/fds/vendor/laravel/lumen-framework/src/Routing/Pipeline.php(30): Illuminate\\Pipeline\\Pipeline->Illuminate\\Pipeline\\{closure}()
#31 /home/damareshwarakumar/Desktop/fds/vendor/illuminate/pipeline/Pipeline.php(116): Laravel\\Lumen\\Routing\\Pipeline->Laravel\\Lumen\\Routing\\{closure}()
#32 /home/damareshwarakumar/Desktop/fds/vendor/laravel/lumen-framework/src/Concerns/RoutesRequests.php(428): Illuminate\\Pipeline\\Pipeline->then()
#33 /home/damareshwarakumar/Desktop/fds/vendor/laravel/lumen-framework/src/Concerns/RoutesRequests.php(177): Laravel\\Lumen\\Application->sendThroughPipeline()
#34 /home/damareshwarakumar/Desktop/fds/vendor/laravel/lumen-framework/src/Concerns/RoutesRequests.php(112): Laravel\\Lumen\\Application->dispatch()
#35 /home/damareshwarakumar/Desktop/fds/public/index.php(28): Laravel\\Lumen\\Application->run()
#36 {main}
"} 
